<?xml version="1.0" encoding="UTF-8"?>
<testsuite name="org.springframework.util.xml.XMLEventStreamWriterTests" tests="1" skipped="0" failures="0" errors="0" timestamp="2019-09-18T03:48:56" hostname="DESKTOP-2IKHCH4" time="0.008">
  <properties/>
  <testcase name="write()" classname="org.springframework.util.xml.XMLEventStreamWriterTests" time="0.008"/>
  <system-out><![CDATA[]]></system-out>
  <system-err><![CDATA[]]></system-err>
</testsuite>
