<?xml version="1.0" encoding="UTF-8"?>
<testsuite name="org.springframework.core.codec.ByteBufferDecoderTests" tests="3" skipped="0" failures="0" errors="0" timestamp="2019-09-18T03:48:36" hostname="DESKTOP-2IKHCH4" time="0.01">
  <properties/>
  <testcase name="decodeToMono()" classname="org.springframework.core.codec.ByteBufferDecoderTests" time="0.007"/>
  <testcase name="decode()" classname="org.springframework.core.codec.ByteBufferDecoderTests" time="0.002"/>
  <testcase name="canDecode()" classname="org.springframework.core.codec.ByteBufferDecoderTests" time="0.0"/>
  <system-out><![CDATA[]]></system-out>
  <system-err><![CDATA[]]></system-err>
</testsuite>
