<?xml version="1.0" encoding="UTF-8"?>
<testsuite name="org.springframework.core.AttributeAccessorSupportTests" tests="4" skipped="0" failures="0" errors="0" timestamp="2019-09-18T03:48:33" hostname="DESKTOP-2IKHCH4" time="0.007">
  <properties/>
  <testcase name="attributeNames()" classname="org.springframework.core.AttributeAccessorSupportTests" time="0.005"/>
  <testcase name="remove()" classname="org.springframework.core.AttributeAccessorSupportTests" time="0.0"/>
  <testcase name="setAndGet()" classname="org.springframework.core.AttributeAccessorSupportTests" time="0.0"/>
  <testcase name="setAndHas()" classname="org.springframework.core.AttributeAccessorSupportTests" time="0.0"/>
  <system-out><![CDATA[]]></system-out>
  <system-err><![CDATA[]]></system-err>
</testsuite>
