<?xml version="1.0" encoding="UTF-8"?>
<testsuite name="org.springframework.tests.AssumeTests" tests="5" skipped="0" failures="0" errors="0" timestamp="2019-09-18T03:48:52" hostname="DESKTOP-2IKHCH4" time="0.013">
  <properties/>
  <testcase name="assumeGroupWithBogusActiveTestGroup()" classname="org.springframework.tests.AssumeTests" time="0.007"/>
  <testcase name="assumeGroupWithNoMatchingActiveTestGroup()" classname="org.springframework.tests.AssumeTests" time="0.004"/>
  <testcase name="assumeGroupWithAllMinusBogusActiveTestGroup()" classname="org.springframework.tests.AssumeTests" time="0.0"/>
  <testcase name="assumeGroupWithNoActiveTestGroups()" classname="org.springframework.tests.AssumeTests" time="0.001"/>
  <testcase name="assumeGroupWithMatchingActiveTestGroup()" classname="org.springframework.tests.AssumeTests" time="0.0"/>
  <system-out><![CDATA[]]></system-out>
  <system-err><![CDATA[]]></system-err>
</testsuite>
