<?xml version="1.0" encoding="UTF-8"?>
<testsuite name="org.springframework.core.ReactiveAdapterRegistryTests" tests="20" skipped="0" failures="0" errors="0" timestamp="2019-09-18T03:48:50" hostname="DESKTOP-2IKHCH4" time="0.361">
  <properties/>
  <testcase name="publisherToRxSingle()" classname="org.springframework.core.ReactiveAdapterRegistryTests" time="0.091"/>
  <testcase name="reactivexFlowableToPublisher()" classname="org.springframework.core.ReactiveAdapterRegistryTests" time="0.008"/>
  <testcase name="publisherToReactivexObservable()" classname="org.springframework.core.ReactiveAdapterRegistryTests" time="0.099"/>
  <testcase name="publisherToReactivexFlowable()" classname="org.springframework.core.ReactiveAdapterRegistryTests" time="0.011"/>
  <testcase name="reactivexObservableToPublisher()" classname="org.springframework.core.ReactiveAdapterRegistryTests" time="0.022"/>
  <testcase name="reactivexSingleToPublisher()" classname="org.springframework.core.ReactiveAdapterRegistryTests" time="0.008"/>
  <testcase name="completableFutureToPublisher()" classname="org.springframework.core.ReactiveAdapterRegistryTests" time="0.006"/>
  <testcase name="publisherToCompletableFuture()" classname="org.springframework.core.ReactiveAdapterRegistryTests" time="0.005"/>
  <testcase name="rxCompletableToPublisher()" classname="org.springframework.core.ReactiveAdapterRegistryTests" time="0.015"/>
  <testcase name="rxSingleToPublisher()" classname="org.springframework.core.ReactiveAdapterRegistryTests" time="0.006"/>
  <testcase name="publisherToRxObservable()" classname="org.springframework.core.ReactiveAdapterRegistryTests" time="0.046"/>
  <testcase name="reactivexCompletableToPublisher()" classname="org.springframework.core.ReactiveAdapterRegistryTests" time="0.003"/>
  <testcase name="rxObservableToPublisher()" classname="org.springframework.core.ReactiveAdapterRegistryTests" time="0.018"/>
  <testcase name="defaultAdapterRegistrations()" classname="org.springframework.core.ReactiveAdapterRegistryTests" time="0.0"/>
  <testcase name="publisherToFlux()" classname="org.springframework.core.ReactiveAdapterRegistryTests" time="0.001"/>
  <testcase name="publisherToMono()" classname="org.springframework.core.ReactiveAdapterRegistryTests" time="0.0"/>
  <testcase name="getAdapterForReactiveSubType()" classname="org.springframework.core.ReactiveAdapterRegistryTests" time="0.002"/>
  <testcase name="publisherToReactivexCompletable()" classname="org.springframework.core.ReactiveAdapterRegistryTests" time="0.002"/>
  <testcase name="publisherToRxCompletable()" classname="org.springframework.core.ReactiveAdapterRegistryTests" time="0.004"/>
  <testcase name="publisherToReactivexSingle()" classname="org.springframework.core.ReactiveAdapterRegistryTests" time="0.004"/>
  <system-out><![CDATA[]]></system-out>
  <system-err><![CDATA[]]></system-err>
</testsuite>
