<?xml version="1.0" encoding="UTF-8"?>
<testsuite name="org.springframework.util.concurrent.MonoToListenableFutureAdapterTests" tests="4" skipped="0" failures="0" errors="0" timestamp="2019-09-18T03:48:53" hostname="DESKTOP-2IKHCH4" time="0.033">
  <properties/>
  <testcase name="success()" classname="org.springframework.util.concurrent.MonoToListenableFutureAdapterTests" time="0.013"/>
  <testcase name="cancellation()" classname="org.springframework.util.concurrent.MonoToListenableFutureAdapterTests" time="0.016"/>
  <testcase name="failure()" classname="org.springframework.util.concurrent.MonoToListenableFutureAdapterTests" time="0.001"/>
  <testcase name="cancellationAfterTerminated()" classname="org.springframework.util.concurrent.MonoToListenableFutureAdapterTests" time="0.002"/>
  <system-out><![CDATA[]]></system-out>
  <system-err><![CDATA[]]></system-err>
</testsuite>
