<?xml version="1.0" encoding="UTF-8"?>
<testsuite name="org.springframework.util.MimeTypeTests" tests="37" skipped="0" failures="0" errors="0" timestamp="2019-09-18T03:48:54" hostname="DESKTOP-2IKHCH4" time="0.03">
  <properties/>
  <testcase name="parseMimeTypeIllegalQuotedParameterValue()" classname="org.springframework.util.MimeTypeTests" time="0.003"/>
  <testcase name="parseMimeTypeIllegalSubtype()" classname="org.springframework.util.MimeTypeTests" time="0.001"/>
  <testcase name="parseMimeTypeIllegalParameterValue()" classname="org.springframework.util.MimeTypeTests" time="0.001"/>
  <testcase name="parseMimeTypeEmptyParameterAttribute()" classname="org.springframework.util.MimeTypeTests" time="0.001"/>
  <testcase name="parseQuotedSeparator()" classname="org.springframework.util.MimeTypeTests" time="0.0"/>
  <testcase name="equalsIsCaseInsensitiveForCharsets()" classname="org.springframework.util.MimeTypeTests" time="0.001"/>
  <testcase name="compareTo()" classname="org.springframework.util.MimeTypeTests" time="0.001"/>
  <testcase name="valueOfIllegalSubtype()" classname="org.springframework.util.MimeTypeTests" time="0.001"/>
  <testcase name="parseMimeTypeNoSubtypeSlash()" classname="org.springframework.util.MimeTypeTests" time="0.002"/>
  <testcase name="parseCharset()" classname="org.springframework.util.MimeTypeTests" time="0.0"/>
  <testcase name="testToString()" classname="org.springframework.util.MimeTypeTests" time="0.0"/>
  <testcase name="parseMimeTypeIllegalType()" classname="org.springframework.util.MimeTypeTests" time="0.0"/>
  <testcase name="valueOfNoSubtype()" classname="org.springframework.util.MimeTypeTests" time="0.0"/>
  <testcase name="valueOfNoSubtypeSlash()" classname="org.springframework.util.MimeTypeTests" time="0.001"/>
  <testcase name="parseMimeTypeTypeRange()" classname="org.springframework.util.MimeTypeTests" time="0.0"/>
  <testcase name="parseMimeTypesWithQuotedParameters()" classname="org.springframework.util.MimeTypeTests" time="0.001"/>
  <testcase name="withConversionService()" classname="org.springframework.util.MimeTypeTests" time="0.001"/>
  <testcase name="parseMimeTypeMissingTypeAndSubtype()" classname="org.springframework.util.MimeTypeTests" time="0.0"/>
  <testcase name="slashInSubtype()" classname="org.springframework.util.MimeTypeTests" time="0.0"/>
  <testcase name="includes()" classname="org.springframework.util.MimeTypeTests" time="0.002"/>
  <testcase name="parseMimeTypeEmptyParameterValue()" classname="org.springframework.util.MimeTypeTests" time="0.001"/>
  <testcase name="parseMimeTypeNull()" classname="org.springframework.util.MimeTypeTests" time="0.001"/>
  <testcase name="parseMimeTypesWithTrailingComma()" classname="org.springframework.util.MimeTypeTests" time="0.0"/>
  <testcase name="parseMimeTypeWithSpacesAroundEquals()" classname="org.springframework.util.MimeTypeTests" time="0.0"/>
  <testcase name="parseMimeTypeIllegalCharset()" classname="org.springframework.util.MimeTypeTests" time="0.002"/>
  <testcase name="parseMimeTypeSingleQuotedParameterValue()" classname="org.springframework.util.MimeTypeTests" time="0.0"/>
  <testcase name="valueOfIllegalType()" classname="org.springframework.util.MimeTypeTests" time="0.001"/>
  <testcase name="parseMimeTypeQuotedParameterValue()" classname="org.springframework.util.MimeTypeTests" time="0.0"/>
  <testcase name="parseMimeTypeWithSpacesAroundEqualsAndQuotedValue()" classname="org.springframework.util.MimeTypeTests" time="0.0"/>
  <testcase name="valueOfIllegalCharset()" classname="org.springframework.util.MimeTypeTests" time="0.001"/>
  <testcase name="parseMimeTypes()" classname="org.springframework.util.MimeTypeTests" time="0.001"/>
  <testcase name="isCompatible()" classname="org.springframework.util.MimeTypeTests" time="0.0"/>
  <testcase name="parseQuotedCharset()" classname="org.springframework.util.MimeTypeTests" time="0.0"/>
  <testcase name="compareToCaseSensitivity()" classname="org.springframework.util.MimeTypeTests" time="0.0"/>
  <testcase name="parseMimeTypeIllegalParameterAttribute()" classname="org.springframework.util.MimeTypeTests" time="0.001"/>
  <testcase name="parseMimeTypeNoSubtype()" classname="org.springframework.util.MimeTypeTests" time="0.0"/>
  <testcase name="parseMimeType()" classname="org.springframework.util.MimeTypeTests" time="0.0"/>
  <system-out><![CDATA[]]></system-out>
  <system-err><![CDATA[]]></system-err>
</testsuite>
