<?xml version="1.0" encoding="UTF-8"?>
<testsuite name="org.springframework.util.comparator.CompoundComparatorTests" tests="1" skipped="0" failures="0" errors="0" timestamp="2019-09-18T03:48:53" hostname="DESKTOP-2IKHCH4" time="0.005">
  <properties/>
  <testcase name="shouldNeedAtLeastOneComparator()" classname="org.springframework.util.comparator.CompoundComparatorTests" time="0.005"/>
  <system-out><![CDATA[]]></system-out>
  <system-err><![CDATA[]]></system-err>
</testsuite>
