<?xml version="1.0" encoding="UTF-8"?>
<testsuite name="org.springframework.core.env.CompositePropertySourceTests" tests="1" skipped="0" failures="0" errors="0" timestamp="2019-09-18T03:48:40" hostname="DESKTOP-2IKHCH4" time="0.022">
  <properties/>
  <testcase name="addFirst()" classname="org.springframework.core.env.CompositePropertySourceTests" time="0.022"/>
  <system-out><![CDATA[]]></system-out>
  <system-err><![CDATA[]]></system-err>
</testsuite>
