<?xml version="1.0" encoding="UTF-8"?>
<testsuite name="org.springframework.core.codec.ResourceEncoderTests" tests="2" skipped="0" failures="0" errors="0" timestamp="2019-09-18T03:48:37" hostname="DESKTOP-2IKHCH4" time="0.087">
  <properties/>
  <testcase name="encode()" classname="org.springframework.core.codec.ResourceEncoderTests" time="0.086"/>
  <testcase name="canEncode()" classname="org.springframework.core.codec.ResourceEncoderTests" time="0.001"/>
  <system-out><![CDATA[]]></system-out>
  <system-err><![CDATA[]]></system-err>
</testsuite>
