<?xml version="1.0" encoding="UTF-8"?>
<testsuite name="org.springframework.util.xml.SimpleNamespaceContextTests" tests="13" skipped="0" failures="0" errors="0" timestamp="2019-09-18T03:48:55" hostname="DESKTOP-2IKHCH4" time="0.005">
  <properties/>
  <testcase name="bindNamespaceUri_withNullNamespaceUri()" classname="org.springframework.util.xml.SimpleNamespaceContextTests" time="0.001"/>
  <testcase name="clear()" classname="org.springframework.util.xml.SimpleNamespaceContextTests" time="0.0"/>
  <testcase name="getBoundPrefixes()" classname="org.springframework.util.xml.SimpleNamespaceContextTests" time="0.001"/>
  <testcase name="getNamespaceURI()" classname="org.springframework.util.xml.SimpleNamespaceContextTests" time="0.0"/>
  <testcase name="getPrefix()" classname="org.springframework.util.xml.SimpleNamespaceContextTests" time="0.0"/>
  <testcase name="bindNamespaceUri()" classname="org.springframework.util.xml.SimpleNamespaceContextTests" time="0.001"/>
  <testcase name="getPrefixes()" classname="org.springframework.util.xml.SimpleNamespaceContextTests" time="0.0"/>
  <testcase name="getPrefixes_withNull()" classname="org.springframework.util.xml.SimpleNamespaceContextTests" time="0.0"/>
  <testcase name="removeBinding()" classname="org.springframework.util.xml.SimpleNamespaceContextTests" time="0.0"/>
  <testcase name="getPrefix_withNull()" classname="org.springframework.util.xml.SimpleNamespaceContextTests" time="0.001"/>
  <testcase name="getPrefixes_IteratorIsNotModifiable()" classname="org.springframework.util.xml.SimpleNamespaceContextTests" time="0.0"/>
  <testcase name="bindNamespaceUri_withNullPrefix()" classname="org.springframework.util.xml.SimpleNamespaceContextTests" time="0.0"/>
  <testcase name="getNamespaceURI_withNull()" classname="org.springframework.util.xml.SimpleNamespaceContextTests" time="0.001"/>
  <system-out><![CDATA[]]></system-out>
  <system-err><![CDATA[]]></system-err>
</testsuite>
