<?xml version="1.0" encoding="UTF-8"?>
<testsuite name="org.springframework.core.annotation.MergedAnnotationClassLoaderTests" tests="1" skipped="0" failures="0" errors="0" timestamp="2019-09-18T03:48:32" hostname="DESKTOP-2IKHCH4" time="0.02">
  <properties/>
  <testcase name="synthesizedUsesCorrectClassLoader()" classname="org.springframework.core.annotation.MergedAnnotationClassLoaderTests" time="0.02"/>
  <system-out><![CDATA[]]></system-out>
  <system-err><![CDATA[]]></system-err>
</testsuite>
