<?xml version="1.0" encoding="UTF-8"?>
<testsuite name="org.springframework.core.annotation.AnnotationTypeMappingsTests" tests="44" skipped="0" failures="0" errors="0" timestamp="2019-09-18T03:48:29" hostname="DESKTOP-2IKHCH4" time="0.149">
  <properties/>
  <testcase name="getMirrorSetWhenThreeDeepReturnsMirrors()" classname="org.springframework.core.annotation.AnnotationTypeMappingsTests" time="0.005"/>
  <testcase name="getAliasMappingReturnsAttributes()" classname="org.springframework.core.annotation.AnnotationTypeMappingsTests" time="0.001"/>
  <testcase name="isEquivalentToDefaultValueWhenClassAndStringNamesMatchReturnsTrue()" classname="org.springframework.core.annotation.AnnotationTypeMappingsTests" time="0.001"/>
  <testcase name="forAnnotationTypeWhenAliasForSelfWithDifferentDefaults()" classname="org.springframework.core.annotation.AnnotationTypeMappingsTests" time="0.031"/>
  <testcase name="resolveMirrorsWhenHasWithMulipleRoutesToAliasReturnsMirrors()" classname="org.springframework.core.annotation.AnnotationTypeMappingsTests" time="0.004"/>
  <testcase name="forAnnotationTypeWhenAliasForToOtherNonExistingAttribute()" classname="org.springframework.core.annotation.AnnotationTypeMappingsTests" time="0.001"/>
  <testcase name="getDistanceReturnsDistance()" classname="org.springframework.core.annotation.AnnotationTypeMappingsTests" time="0.004"/>
  <testcase name="isEquivalentToDefaultValueWhenNotMatchingReturnsFalse()" classname="org.springframework.core.annotation.AnnotationTypeMappingsTests" time="0.002"/>
  <testcase name="getAnnotationWhenMetaAnnotationReturnsAnnotation()" classname="org.springframework.core.annotation.AnnotationTypeMappingsTests" time="0.002"/>
  <testcase name="isEquivalentToDefaultValueWhenValueAndDefaultAreNullReturnsTrue()" classname="org.springframework.core.annotation.AnnotationTypeMappingsTests" time="0.002"/>
  <testcase name="getAnnotationTypeReturnsAnnotationType()" classname="org.springframework.core.annotation.AnnotationTypeMappingsTests" time="0.009"/>
  <testcase name="forAnnotationTypeWhenMetaAnnotationsReturnsMappings()" classname="org.springframework.core.annotation.AnnotationTypeMappingsTests" time="0.005"/>
  <testcase name="forAnnotationTypeWhenAliasForSelfWithMissingDefault()" classname="org.springframework.core.annotation.AnnotationTypeMappingsTests" time="0.001"/>
  <testcase name="getConventionMappingReturnsAttributes()" classname="org.springframework.core.annotation.AnnotationTypeMappingsTests" time="0.0"/>
  <testcase name="resolveMirrorsWhenHasSameValuesUsesFirst()" classname="org.springframework.core.annotation.AnnotationTypeMappingsTests" time="0.002"/>
  <testcase name="forAnnotationTypeWhenAliasForNonMetaAnnotated()" classname="org.springframework.core.annotation.AnnotationTypeMappingsTests" time="0.001"/>
  <testcase name="getMetaTypeReturnsTypes()" classname="org.springframework.core.annotation.AnnotationTypeMappingsTests" time="0.0"/>
  <testcase name="forAnnotationTypeWhenAliasForToSelfNonAnnotatedAttribute()" classname="org.springframework.core.annotation.AnnotationTypeMappingsTests" time="0.001"/>
  <testcase name="getConventionMappingWhenConventionToExplicitAliasesReturnsMappedAttributes()" classname="org.springframework.core.annotation.AnnotationTypeMappingsTests" time="0.002"/>
  <testcase name="forAnnotationTypeWhenHasAliasForWithBothValueAndAttributeThrowsException()" classname="org.springframework.core.annotation.AnnotationTypeMappingsTests" time="0.001"/>
  <testcase name="resolveMirrorsWhenOnlyHasDefaultValuesResolvesNone()" classname="org.springframework.core.annotation.AnnotationTypeMappingsTests" time="0.0"/>
  <testcase name="getAttributesReturnsAttributes()" classname="org.springframework.core.annotation.AnnotationTypeMappingsTests" time="0.0"/>
  <testcase name="getAnnotationWhenRootReturnsNull()" classname="org.springframework.core.annotation.AnnotationTypeMappingsTests" time="0.0"/>
  <testcase name="forAnnotationTypeWhenSelfAnnotatedReturnsMapping()" classname="org.springframework.core.annotation.AnnotationTypeMappingsTests" time="0.002"/>
  <testcase name="forAnnotationTypeWhenAliasForToSelf()" classname="org.springframework.core.annotation.AnnotationTypeMappingsTests" time="0.012"/>
  <testcase name="forAnnotationTypeWhenAliasForWithArrayCompatibleReturnTypes()" classname="org.springframework.core.annotation.AnnotationTypeMappingsTests" time="0.003"/>
  <testcase name="forAnnotationTypeWhenAliasWithExplicitMirrorAndDifferentDefaults()" classname="org.springframework.core.annotation.AnnotationTypeMappingsTests" time="0.002"/>
  <testcase name="resolveMirrorsWhenHasDifferentValuesThrowsException()" classname="org.springframework.core.annotation.AnnotationTypeMappingsTests" time="0.001"/>
  <testcase name="forAnnotationTypeWhenFormsLoopReturnsMapping()" classname="org.springframework.core.annotation.AnnotationTypeMappingsTests" time="0.002"/>
  <testcase name="isEquivalentToDefaultValueWhenValueAndDefaultMatchReturnsTrue()" classname="org.springframework.core.annotation.AnnotationTypeMappingsTests" time="0.0"/>
  <testcase name="isEquivalentToDefaultValueWhenClassArrayAndStringArrayNamesMatchReturnsTrue()" classname="org.springframework.core.annotation.AnnotationTypeMappingsTests" time="0.001"/>
  <testcase name="forAnnotationTypeWhenAliasForToSelfNonExistingAttribute()" classname="org.springframework.core.annotation.AnnotationTypeMappingsTests" time="0.002"/>
  <testcase name="getAliasMappingWhenHasWithMulipleRoutesToAliasReturnsMappedAttributes()" classname="org.springframework.core.annotation.AnnotationTypeMappingsTests" time="0.0"/>
  <testcase name="getAliasMappingsWhenHasDefinedAttributesReturnsMappedAttributes()" classname="org.springframework.core.annotation.AnnotationTypeMappingsTests" time="0.003"/>
  <testcase name="forAnnotationWhenHasSpringAnnotationReturnsFilteredMappings()" classname="org.springframework.core.annotation.AnnotationTypeMappingsTests" time="0.001"/>
  <testcase name="forAnnotationTypeWhenHasRepeatingMetaAnnotationReturnsMapping()" classname="org.springframework.core.annotation.AnnotationTypeMappingsTests" time="0.003"/>
  <testcase name="forAnnotationTypeWhenAliasForToSelfAnnotatedToOtherAttribute()" classname="org.springframework.core.annotation.AnnotationTypeMappingsTests" time="0.003"/>
  <testcase name="forAnnotationTypeWhenAliasForWithIncompatibleReturnTypes()" classname="org.springframework.core.annotation.AnnotationTypeMappingsTests" time="0.002"/>
  <testcase name="isEquivalentToDefaultValueWhenNestedAnnotationAndExtractedValuesMatchReturnsTrue()" classname="org.springframework.core.annotation.AnnotationTypeMappingsTests" time="0.002"/>
  <testcase name="getMirrorSetWhenAliasPairReturnsMirrors()" classname="org.springframework.core.annotation.AnnotationTypeMappingsTests" time="0.0"/>
  <testcase name="getMirrorSetWhenImplicitMirrorsReturnsMirrors()" classname="org.springframework.core.annotation.AnnotationTypeMappingsTests" time="0.002"/>
  <testcase name="getAliasMappingWhenThreeDeepReturnsMappedAttributes()" classname="org.springframework.core.annotation.AnnotationTypeMappingsTests" time="0.001"/>
  <testcase name="forAnnotationTypeWhenNoMetaAnnotationsReturnsMappings()" classname="org.springframework.core.annotation.AnnotationTypeMappingsTests" time="0.001"/>
  <testcase name="resolveMirrorsWhenAliasPairResolves()" classname="org.springframework.core.annotation.AnnotationTypeMappingsTests" time="0.0"/>
  <system-out><![CDATA[]]></system-out>
  <system-err><![CDATA[]]></system-err>
</testsuite>
