<?xml version="1.0" encoding="UTF-8"?>
<testsuite name="org.springframework.core.annotation.SynthesizingMethodParameterTests" tests="4" skipped="0" failures="0" errors="0" timestamp="2019-09-18T03:48:33" hostname="DESKTOP-2IKHCH4" time="0.007">
  <properties/>
  <testcase name="equals()" classname="org.springframework.core.annotation.SynthesizingMethodParameterTests" time="0.001"/>
  <testcase name="testHashCode()" classname="org.springframework.core.annotation.SynthesizingMethodParameterTests" time="0.001"/>
  <testcase name="indexValidation()" classname="org.springframework.core.annotation.SynthesizingMethodParameterTests" time="0.002"/>
  <testcase name="factoryMethods()" classname="org.springframework.core.annotation.SynthesizingMethodParameterTests" time="0.001"/>
  <system-out><![CDATA[]]></system-out>
  <system-err><![CDATA[]]></system-err>
</testsuite>
