<?xml version="1.0" encoding="UTF-8"?>
<testsuite name="org.springframework.core.type.CachingMetadataReaderLeakTests" tests="1" skipped="1" failures="0" errors="0" timestamp="2019-09-18T03:48:52" hostname="DESKTOP-2IKHCH4" time="0.001">
  <properties/>
  <testcase name="significantLoad()" classname="org.springframework.core.type.CachingMetadataReaderLeakTests" time="0.001">
    <skipped/>
  </testcase>
  <system-out><![CDATA[]]></system-out>
  <system-err><![CDATA[]]></system-err>
</testsuite>
