<?xml version="1.0" encoding="UTF-8"?>
<testsuite name="org.springframework.core.serializer.SerializationConverterTests" tests="4" skipped="0" failures="0" errors="0" timestamp="2019-09-18T03:48:50" hostname="DESKTOP-2IKHCH4" time="0.027">
  <properties/>
  <testcase name="deserializationFailure()" classname="org.springframework.core.serializer.SerializationConverterTests" time="0.012"/>
  <testcase name="nonSerializableObject()" classname="org.springframework.core.serializer.SerializationConverterTests" time="0.007"/>
  <testcase name="nonSerializableField()" classname="org.springframework.core.serializer.SerializationConverterTests" time="0.007"/>
  <testcase name="serializeAndDeserializeString()" classname="org.springframework.core.serializer.SerializationConverterTests" time="0.001"/>
  <system-out><![CDATA[]]></system-out>
  <system-err><![CDATA[]]></system-err>
</testsuite>
