<?xml version="1.0" encoding="UTF-8"?>
<testsuite name="org.springframework.core.annotation.OrderUtilsTests" tests="6" skipped="0" failures="0" errors="0" timestamp="2019-09-18T03:48:33" hostname="DESKTOP-2IKHCH4" time="0.01">
  <properties/>
  <testcase name="getSimpleOrder()" classname="org.springframework.core.annotation.OrderUtilsTests" time="0.001"/>
  <testcase name="getPriorityOrder()" classname="org.springframework.core.annotation.OrderUtilsTests" time="0.004"/>
  <testcase name="getPriorityValue()" classname="org.springframework.core.annotation.OrderUtilsTests" time="0.001"/>
  <testcase name="getOrderWithBoth()" classname="org.springframework.core.annotation.OrderUtilsTests" time="0.001"/>
  <testcase name="getPriorityValueNoAnnotation()" classname="org.springframework.core.annotation.OrderUtilsTests" time="0.001"/>
  <testcase name="getDefaultOrder()" classname="org.springframework.core.annotation.OrderUtilsTests" time="0.0"/>
  <system-out><![CDATA[]]></system-out>
  <system-err><![CDATA[]]></system-err>
</testsuite>
