<?xml version="1.0" encoding="UTF-8"?>
<testsuite name="org.springframework.core.annotation.MergedAnnotationsComposedOnSingleAnnotatedElementTests" tests="18" skipped="0" failures="0" errors="0" timestamp="2019-09-18T03:48:32" hostname="DESKTOP-2IKHCH4" time="0.025">
  <properties/>
  <testcase name="typeHierarchyStrategyComposedCacheOnInterfaceAndLocalCacheOnClass()" classname="org.springframework.core.annotation.MergedAnnotationsComposedOnSingleAnnotatedElementTests" time="0.004"/>
  <testcase name="typeHierarchyStrategyMultipleInheritedComposedAnnotationsOnSuperclass()" classname="org.springframework.core.annotation.MergedAnnotationsComposedOnSingleAnnotatedElementTests" time="0.001"/>
  <testcase name="inheritedStrategyMultipleInheritedComposedAnnotationsOnSuperclass()" classname="org.springframework.core.annotation.MergedAnnotationsComposedOnSingleAnnotatedElementTests" time="0.001"/>
  <testcase name="typeHierarchyStrategyMultipleComposedAnnotationsOnInterface()" classname="org.springframework.core.annotation.MergedAnnotationsComposedOnSingleAnnotatedElementTests" time="0.0"/>
  <testcase name="typeHierarchyStrategyMultipleNoninheritedComposedAnnotationsOnSuperclass()" classname="org.springframework.core.annotation.MergedAnnotationsComposedOnSingleAnnotatedElementTests" time="0.004"/>
  <testcase name="inheritedStrategyComposedPlusLocalAnnotationsOnMethod()" classname="org.springframework.core.annotation.MergedAnnotationsComposedOnSingleAnnotatedElementTests" time="0.001"/>
  <testcase name="inheritedStrategyMultipleNoninheritedComposedAnnotationsOnClass()" classname="org.springframework.core.annotation.MergedAnnotationsComposedOnSingleAnnotatedElementTests" time="0.0"/>
  <testcase name="typeHierarchyStrategyComposedPlusLocalAnnotationsOnClass()" classname="org.springframework.core.annotation.MergedAnnotationsComposedOnSingleAnnotatedElementTests" time="0.0"/>
  <testcase name="typeHierarchyStrategyMultipleComposedAnnotationsOnMethod()" classname="org.springframework.core.annotation.MergedAnnotationsComposedOnSingleAnnotatedElementTests" time="0.0"/>
  <testcase name="inheritedStrategyMultipleNoninheritedComposedAnnotationsOnSuperclass()" classname="org.springframework.core.annotation.MergedAnnotationsComposedOnSingleAnnotatedElementTests" time="0.001"/>
  <testcase name="inheritedStrategyComposedPlusLocalAnnotationsOnClass()" classname="org.springframework.core.annotation.MergedAnnotationsComposedOnSingleAnnotatedElementTests" time="0.0"/>
  <testcase name="inheritedStrategyMultipleComposedAnnotationsOnMethod()" classname="org.springframework.core.annotation.MergedAnnotationsComposedOnSingleAnnotatedElementTests" time="0.0"/>
  <testcase name="typeHierarchyStrategyMultipleNoninheritedComposedAnnotationsOnClass()" classname="org.springframework.core.annotation.MergedAnnotationsComposedOnSingleAnnotatedElementTests" time="0.001"/>
  <testcase name="typeHierarchyStrategyMultipleComposedAnnotationsOnClass()" classname="org.springframework.core.annotation.MergedAnnotationsComposedOnSingleAnnotatedElementTests" time="0.0"/>
  <testcase name="inheritedStrategyMultipleComposedAnnotationsOnClass()" classname="org.springframework.core.annotation.MergedAnnotationsComposedOnSingleAnnotatedElementTests" time="0.001"/>
  <testcase name="typeHierarchyStrategyComposedPlusLocalAnnotationsOnMethod()" classname="org.springframework.core.annotation.MergedAnnotationsComposedOnSingleAnnotatedElementTests" time="0.0"/>
  <testcase name="typeHierarchyStrategyMultipleComposedAnnotationsOnBridgeMethod()" classname="org.springframework.core.annotation.MergedAnnotationsComposedOnSingleAnnotatedElementTests" time="0.007"/>
  <testcase name="inheritedStrategyMultipleComposedAnnotationsOnInterface()" classname="org.springframework.core.annotation.MergedAnnotationsComposedOnSingleAnnotatedElementTests" time="0.001"/>
  <system-out><![CDATA[]]></system-out>
  <system-err><![CDATA[]]></system-err>
</testsuite>
