<?xml version="1.0" encoding="UTF-8"?>
<testsuite name="org.springframework.core.io.buffer.PooledDataBufferTests$PooledByteBufAllocatorWithPreferDirectTrueTests" tests="2" skipped="0" failures="0" errors="0" timestamp="2019-09-18T03:48:48" hostname="DESKTOP-2IKHCH4" time="0.002">
  <properties/>
  <testcase name="retainAndRelease()" classname="org.springframework.core.io.buffer.PooledDataBufferTests$PooledByteBufAllocatorWithPreferDirectTrueTests" time="0.001"/>
  <testcase name="tooManyReleases()" classname="org.springframework.core.io.buffer.PooledDataBufferTests$PooledByteBufAllocatorWithPreferDirectTrueTests" time="0.001"/>
  <system-out><![CDATA[]]></system-out>
  <system-err><![CDATA[]]></system-err>
</testsuite>
