<?xml version="1.0" encoding="UTF-8"?>
<testsuite name="org.springframework.core.type.StandardClassMetadataMemberClassTests" tests="4" skipped="0" failures="0" errors="0" timestamp="2019-09-18T03:48:52" hostname="DESKTOP-2IKHCH4" time="0.002">
  <properties/>
  <testcase name="againstMemberClass()" classname="org.springframework.core.type.StandardClassMetadataMemberClassTests" time="0.0"/>
  <testcase name="withNoMemberClasses()" classname="org.springframework.core.type.StandardClassMetadataMemberClassTests" time="0.0"/>
  <testcase name="withNonPublicMemberClasses()" classname="org.springframework.core.type.StandardClassMetadataMemberClassTests" time="0.001"/>
  <testcase name="withPublicMemberClasses()" classname="org.springframework.core.type.StandardClassMetadataMemberClassTests" time="0.001"/>
  <system-out><![CDATA[]]></system-out>
  <system-err><![CDATA[]]></system-err>
</testsuite>
