<?xml version="1.0" encoding="UTF-8"?>
<testsuite name="org.springframework.core.io.support.SpringFactoriesLoaderTests" tests="3" skipped="0" failures="0" errors="0" timestamp="2019-09-18T03:48:49" hostname="DESKTOP-2IKHCH4" time="0.018">
  <properties/>
  <testcase name="loadFactoriesInCorrectOrder()" classname="org.springframework.core.io.support.SpringFactoriesLoaderTests" time="0.015"/>
  <testcase name="loadPackagePrivateFactory()" classname="org.springframework.core.io.support.SpringFactoriesLoaderTests" time="0.002"/>
  <testcase name="attemptToLoadFactoryOfIncompatibleType()" classname="org.springframework.core.io.support.SpringFactoriesLoaderTests" time="0.001"/>
  <system-out><![CDATA[]]></system-out>
  <system-err><![CDATA[]]></system-err>
</testsuite>
