<?xml version="1.0" encoding="UTF-8"?>
<testsuite name="org.springframework.core.PrioritizedParameterNameDiscovererTests" tests="3" skipped="0" failures="0" errors="0" timestamp="2019-09-18T03:48:50" hostname="DESKTOP-2IKHCH4" time="0.007">
  <properties/>
  <testcase name="noParametersDiscoverers()" classname="org.springframework.core.PrioritizedParameterNameDiscovererTests" time="0.003"/>
  <testcase name="orderedParameterDiscoverers1()" classname="org.springframework.core.PrioritizedParameterNameDiscovererTests" time="0.001"/>
  <testcase name="orderedParameterDiscoverers2()" classname="org.springframework.core.PrioritizedParameterNameDiscovererTests" time="0.0"/>
  <system-out><![CDATA[]]></system-out>
  <system-err><![CDATA[]]></system-err>
</testsuite>
