<?xml version="1.0" encoding="UTF-8"?>
<testsuite name="org.springframework.core.convert.support.ByteBufferConverterTests" tests="5" skipped="0" failures="0" errors="0" timestamp="2019-09-18T03:48:39" hostname="DESKTOP-2IKHCH4" time="0.019">
  <properties/>
  <testcase name="byteBufferToByteBuffer()" classname="org.springframework.core.convert.support.ByteBufferConverterTests" time="0.001"/>
  <testcase name="byteArrayToByteBuffer()" classname="org.springframework.core.convert.support.ByteBufferConverterTests" time="0.015"/>
  <testcase name="byteBufferToByteArray()" classname="org.springframework.core.convert.support.ByteBufferConverterTests" time="0.001"/>
  <testcase name="byteBufferToOtherType()" classname="org.springframework.core.convert.support.ByteBufferConverterTests" time="0.0"/>
  <testcase name="otherTypeToByteBuffer()" classname="org.springframework.core.convert.support.ByteBufferConverterTests" time="0.0"/>
  <system-out><![CDATA[]]></system-out>
  <system-err><![CDATA[]]></system-err>
</testsuite>
