<?xml version="1.0" encoding="UTF-8"?>
<testsuite name="org.springframework.util.DigestUtilsTests" tests="3" skipped="0" failures="0" errors="0" timestamp="2019-09-18T03:48:53" hostname="DESKTOP-2IKHCH4" time="0.008">
  <properties/>
  <testcase name="md5Hex()" classname="org.springframework.util.DigestUtilsTests" time="0.007"/>
  <testcase name="md5()" classname="org.springframework.util.DigestUtilsTests" time="0.0"/>
  <testcase name="md5StringBuilder()" classname="org.springframework.util.DigestUtilsTests" time="0.001"/>
  <system-out><![CDATA[]]></system-out>
  <system-err><![CDATA[]]></system-err>
</testsuite>
