<?xml version="1.0" encoding="UTF-8"?>
<testsuite name="org.springframework.core.annotation.MergedAnnotationsCollectionTests" tests="21" skipped="0" failures="0" errors="0" timestamp="2019-09-18T03:48:32" hostname="DESKTOP-2IKHCH4" time="0.171">
  <properties/>
  <testcase name="getWithPredicateReturnsOnlyMatching()" classname="org.springframework.core.annotation.MergedAnnotationsCollectionTests" time="0.029"/>
  <testcase name="createWhenAnnotationAggregateIndexIsNotZeroThrowsException()" classname="org.springframework.core.annotation.MergedAnnotationsCollectionTests" time="0.103"/>
  <testcase name="isPresentWhenMetaPresentReturnsTrue()" classname="org.springframework.core.annotation.MergedAnnotationsCollectionTests" time="0.002"/>
  <testcase name="getWithSelectorReturnsSelected()" classname="org.springframework.core.annotation.MergedAnnotationsCollectionTests" time="0.0"/>
  <testcase name="getWhenNotPresentReturnsMissing()" classname="org.springframework.core.annotation.MergedAnnotationsCollectionTests" time="0.001"/>
  <testcase name="isDirectlyPresentWhenMetaPresentReturnsFalse()" classname="org.springframework.core.annotation.MergedAnnotationsCollectionTests" time="0.0"/>
  <testcase name="streamStreamsInCorrectOrder()" classname="org.springframework.core.annotation.MergedAnnotationsCollectionTests" time="0.004"/>
  <testcase name="isPresentWhenNotPresentReturnsFalse()" classname="org.springframework.core.annotation.MergedAnnotationsCollectionTests" time="0.0"/>
  <testcase name="createWhenAnnotationIsNotDirectlyPresentThrowsException()" classname="org.springframework.core.annotation.MergedAnnotationsCollectionTests" time="0.012"/>
  <testcase name="getReturnsAppropriateAnnotation()" classname="org.springframework.core.annotation.MergedAnnotationsCollectionTests" time="0.001"/>
  <testcase name="interateIteratesInCorrectOrder()" classname="org.springframework.core.annotation.MergedAnnotationsCollectionTests" time="0.0"/>
  <testcase name="streamWithTypeStreamsInCorrectOrder()" classname="org.springframework.core.annotation.MergedAnnotationsCollectionTests" time="0.001"/>
  <testcase name="isPresentWhenDirectlyPresentReturnsTrue()" classname="org.springframework.core.annotation.MergedAnnotationsCollectionTests" time="0.0"/>
  <testcase name="spliteratorEstimatesSize()" classname="org.springframework.core.annotation.MergedAnnotationsCollectionTests" time="0.003"/>
  <testcase name="isDirectlyPresentWhenDirectlyPresentReturnsTrue()" classname="org.springframework.core.annotation.MergedAnnotationsCollectionTests" time="0.002"/>
  <testcase name="ofWhenEmptyReturnsSharedNoneInstance()" classname="org.springframework.core.annotation.MergedAnnotationsCollectionTests" time="0.0"/>
  <testcase name="isDirectlyPresentWhenNotPresentReturnsFalse()" classname="org.springframework.core.annotation.MergedAnnotationsCollectionTests" time="0.0"/>
  <testcase name="ofWhenDirectAnnotationsIsNullThrowsException()" classname="org.springframework.core.annotation.MergedAnnotationsCollectionTests" time="0.001"/>
  <testcase name="spliteratorIteratesInCorrectOrder()" classname="org.springframework.core.annotation.MergedAnnotationsCollectionTests" time="0.001"/>
  <testcase name="getMetaWhenRootHasNoAttributeValuesShouldAlaisAttributes()" classname="org.springframework.core.annotation.MergedAnnotationsCollectionTests" time="0.004"/>
  <testcase name="getMetaWhenRootHasAttributeValuesShouldAlaisAttributes()" classname="org.springframework.core.annotation.MergedAnnotationsCollectionTests" time="0.0"/>
  <system-out><![CDATA[]]></system-out>
  <system-err><![CDATA[]]></system-err>
</testsuite>
