<?xml version="1.0" encoding="UTF-8"?>
<testsuite name="org.springframework.core.type.classreading.SimpleMethodMetadataTests" tests="17" skipped="0" failures="0" errors="0" timestamp="2019-09-18T03:48:52" hostname="DESKTOP-2IKHCH4" time="0.075">
  <properties/>
  <testcase name="getDeclaringClassReturnsDeclaringClass()" classname="org.springframework.core.type.classreading.SimpleMethodMetadataTests" time="0.003"/>
  <testcase name="isAnnotatedWhenMatchesDirectAnnotationReturnsTrue()" classname="org.springframework.core.type.classreading.SimpleMethodMetadataTests" time="0.004"/>
  <testcase name="isFinalWhenFinalReturnsTrue()" classname="org.springframework.core.type.classreading.SimpleMethodMetadataTests" time="0.003"/>
  <testcase name="isStatusWhenStaticReturnsTrue()" classname="org.springframework.core.type.classreading.SimpleMethodMetadataTests" time="0.003"/>
  <testcase name="isAbstractWhenNotAbstractReturnsFalse()" classname="org.springframework.core.type.classreading.SimpleMethodMetadataTests" time="0.003"/>
  <testcase name="getReturnTypeReturnsReturnType()" classname="org.springframework.core.type.classreading.SimpleMethodMetadataTests" time="0.003"/>
  <testcase name="isOverridableWhenOverridableReturnsTrue()" classname="org.springframework.core.type.classreading.SimpleMethodMetadataTests" time="0.003"/>
  <testcase name="getAllAnnotationAttributesReturnsAllAttributes()" classname="org.springframework.core.type.classreading.SimpleMethodMetadataTests" time="0.004"/>
  <testcase name="getAnnotationsReturnsDirectAnnotations()" classname="org.springframework.core.type.classreading.SimpleMethodMetadataTests" time="0.003"/>
  <testcase name="getMethodNameReturnsMethodName()" classname="org.springframework.core.type.classreading.SimpleMethodMetadataTests" time="0.005"/>
  <testcase name="getAnnotationAttributesReturnsAttributes()" classname="org.springframework.core.type.classreading.SimpleMethodMetadataTests" time="0.002"/>
  <testcase name="isAbstractWhenAbstractReturnsTrue()" classname="org.springframework.core.type.classreading.SimpleMethodMetadataTests" time="0.003"/>
  <testcase name="isAnnotatedWhenDoesNotMatchDirectOrMetaAnnotationReturnsFalse()" classname="org.springframework.core.type.classreading.SimpleMethodMetadataTests" time="0.01"/>
  <testcase name="isAnnotatedWhenMatchesMetaAnnotationReturnsTrue()" classname="org.springframework.core.type.classreading.SimpleMethodMetadataTests" time="0.003"/>
  <testcase name="isFinalWhenNonFinalReturnsFalse()" classname="org.springframework.core.type.classreading.SimpleMethodMetadataTests" time="0.002"/>
  <testcase name="isOverridableWhenNonOverridableReturnsFalse()" classname="org.springframework.core.type.classreading.SimpleMethodMetadataTests" time="0.007"/>
  <testcase name="isStaticWhenNotStaticReturnsFalse()" classname="org.springframework.core.type.classreading.SimpleMethodMetadataTests" time="0.003"/>
  <system-out><![CDATA[]]></system-out>
  <system-err><![CDATA[]]></system-err>
</testsuite>
