<?xml version="1.0" encoding="UTF-8"?>
<testsuite name="org.springframework.core.codec.StringDecoderTests" tests="9" skipped="0" failures="0" errors="0" timestamp="2019-09-18T03:48:38" hostname="DESKTOP-2IKHCH4" time="0.116">
  <properties/>
  <testcase name="decodeToMono()" classname="org.springframework.core.codec.StringDecoderTests" time="0.005"/>
  <testcase name="decode()" classname="org.springframework.core.codec.StringDecoderTests" time="0.068"/>
  <testcase name="decodeToMonoWithEmptyFlux()" classname="org.springframework.core.codec.StringDecoderTests" time="0.001"/>
  <testcase name="decodeEmptyDataBuffer()" classname="org.springframework.core.codec.StringDecoderTests" time="0.004"/>
  <testcase name="canDecode()" classname="org.springframework.core.codec.StringDecoderTests" time="0.001"/>
  <testcase name="decodeNewLineIncludeDelimiters()" classname="org.springframework.core.codec.StringDecoderTests" time="0.017"/>
  <testcase name="decodeNewLine()" classname="org.springframework.core.codec.StringDecoderTests" time="0.01"/>
  <testcase name="decodeEmptyFlux()" classname="org.springframework.core.codec.StringDecoderTests" time="0.001"/>
  <testcase name="decodeMultibyteCharacterUtf16()" classname="org.springframework.core.codec.StringDecoderTests" time="0.008"/>
  <system-out><![CDATA[]]></system-out>
  <system-err><![CDATA[]]></system-err>
</testsuite>
