<?xml version="1.0" encoding="UTF-8"?>
<testsuite name="org.springframework.util.ResizableByteArrayOutputStreamTests" tests="5" skipped="0" failures="0" errors="0" timestamp="2019-09-18T03:48:54" hostname="DESKTOP-2IKHCH4" time="0.002">
  <properties/>
  <testcase name="resize()" classname="org.springframework.util.ResizableByteArrayOutputStreamTests" time="0.001"/>
  <testcase name="grow()" classname="org.springframework.util.ResizableByteArrayOutputStreamTests" time="0.0"/>
  <testcase name="failResize()" classname="org.springframework.util.ResizableByteArrayOutputStreamTests" time="0.001"/>
  <testcase name="write()" classname="org.springframework.util.ResizableByteArrayOutputStreamTests" time="0.0"/>
  <testcase name="autoGrow()" classname="org.springframework.util.ResizableByteArrayOutputStreamTests" time="0.0"/>
  <system-out><![CDATA[]]></system-out>
  <system-err><![CDATA[]]></system-err>
</testsuite>
