<?xml version="1.0" encoding="UTF-8"?>
<testsuite name="org.springframework.core.env.MutablePropertySourcesTests" tests="6" skipped="0" failures="0" errors="0" timestamp="2019-09-18T03:48:40" hostname="DESKTOP-2IKHCH4" time="0.004">
  <properties/>
  <testcase name="streamIsEmptyForEmptySources()" classname="org.springframework.core.env.MutablePropertySourcesTests" time="0.0"/>
  <testcase name="streamContainsPropertySource()" classname="org.springframework.core.env.MutablePropertySourcesTests" time="0.001"/>
  <testcase name="iteratorIsEmptyForEmptySources()" classname="org.springframework.core.env.MutablePropertySourcesTests" time="0.001"/>
  <testcase name="getNonExistentPropertySourceReturnsNull()" classname="org.springframework.core.env.MutablePropertySourcesTests" time="0.0"/>
  <testcase name="test()" classname="org.springframework.core.env.MutablePropertySourcesTests" time="0.001"/>
  <testcase name="iteratorContainsPropertySource()" classname="org.springframework.core.env.MutablePropertySourcesTests" time="0.0"/>
  <system-out><![CDATA[]]></system-out>
  <system-err><![CDATA[]]></system-err>
</testsuite>
