<?xml version="1.0" encoding="UTF-8"?>
<testsuite name="org.springframework.util.xml.XmlValidationModeDetectorTests" tests="4" skipped="0" failures="0" errors="0" timestamp="2019-09-18T03:48:56" hostname="DESKTOP-2IKHCH4" time="0.011">
  <properties/>
  <testcase name="dtdDetection(String)[1]" classname="org.springframework.util.xml.XmlValidationModeDetectorTests" time="0.002"/>
  <testcase name="dtdDetection(String)[2]" classname="org.springframework.util.xml.XmlValidationModeDetectorTests" time="0.002"/>
  <testcase name="dtdDetection(String)[3]" classname="org.springframework.util.xml.XmlValidationModeDetectorTests" time="0.002"/>
  <testcase name="dtdDetection(String)[4]" classname="org.springframework.util.xml.XmlValidationModeDetectorTests" time="0.003"/>
  <system-out><![CDATA[]]></system-out>
  <system-err><![CDATA[]]></system-err>
</testsuite>
