<?xml version="1.0" encoding="UTF-8"?>
<testsuite name="org.springframework.core.type.classreading.MergedAnnotationMetadataVisitorTests" tests="6" skipped="0" failures="0" errors="0" timestamp="2019-09-18T03:48:52" hostname="DESKTOP-2IKHCH4" time="0.018">
  <properties/>
  <testcase name="visitWhenHasSimpleArrayTypesCreatesAnnotation()" classname="org.springframework.core.type.classreading.MergedAnnotationMetadataVisitorTests" time="0.004"/>
  <testcase name="visitWhenHasSimpleTypesCreatesAnnotation()" classname="org.springframework.core.type.classreading.MergedAnnotationMetadataVisitorTests" time="0.003"/>
  <testcase name="visitWhenHasAnnotationAttributesCreatesAnnotation()" classname="org.springframework.core.type.classreading.MergedAnnotationMetadataVisitorTests" time="0.002"/>
  <testcase name="visitWhenHasEmptySimpleArrayTypesCreatesAnnotation()" classname="org.springframework.core.type.classreading.MergedAnnotationMetadataVisitorTests" time="0.003"/>
  <testcase name="visitWhenHasClassAttributesCreatesAnnotation()" classname="org.springframework.core.type.classreading.MergedAnnotationMetadataVisitorTests" time="0.003"/>
  <testcase name="visitWhenHasEnumAttributesCreatesAnnotation()" classname="org.springframework.core.type.classreading.MergedAnnotationMetadataVisitorTests" time="0.003"/>
  <system-out><![CDATA[]]></system-out>
  <system-err><![CDATA[]]></system-err>
</testsuite>
