<?xml version="1.0" encoding="UTF-8"?>
<testsuite name="org.springframework.core.env.ProfilesTests" tests="31" skipped="0" failures="0" errors="0" timestamp="2019-09-18T03:48:40" hostname="DESKTOP-2IKHCH4" time="0.009">
  <properties/>
  <testcase name="ofMultipleElements()" classname="org.springframework.core.env.ProfilesTests" time="0.001"/>
  <testcase name="ofAndExpressionWithInvertedSingleElementInBracketsWithoutSpaces()" classname="org.springframework.core.env.ProfilesTests" time="0.0"/>
  <testcase name="ofMultipleElementsWithInverted()" classname="org.springframework.core.env.ProfilesTests" time="0.001"/>
  <testcase name="ofEmptyElement()" classname="org.springframework.core.env.ProfilesTests" time="0.0"/>
  <testcase name="ofOrExpression()" classname="org.springframework.core.env.ProfilesTests" time="0.0"/>
  <testcase name="ofAndExpressionWithInvertedSingleElementInBrackets()" classname="org.springframework.core.env.ProfilesTests" time="0.0"/>
  <testcase name="ofMultipleElementsAllInverted()" classname="org.springframework.core.env.ProfilesTests" time="0.0"/>
  <testcase name="ofOrExpressionWithoutSpaces()" classname="org.springframework.core.env.ProfilesTests" time="0.0"/>
  <testcase name="ofAndExpressionWithoutParentheses()" classname="org.springframework.core.env.ProfilesTests" time="0.0"/>
  <testcase name="ofNullElement()" classname="org.springframework.core.env.ProfilesTests" time="0.0"/>
  <testcase name="ofNotOrExpression()" classname="org.springframework.core.env.ProfilesTests" time="0.001"/>
  <testcase name="ofComplexExpression()" classname="org.springframework.core.env.ProfilesTests" time="0.0"/>
  <testcase name="ofNotOrExpressionWithoutSpaces()" classname="org.springframework.core.env.ProfilesTests" time="0.0"/>
  <testcase name="ofAndExpression()" classname="org.springframework.core.env.ProfilesTests" time="0.0"/>
  <testcase name="ofSingleInvertedElement()" classname="org.springframework.core.env.ProfilesTests" time="0.0"/>
  <testcase name="ofAndExpressionWithoutSpaces()" classname="org.springframework.core.env.ProfilesTests" time="0.0"/>
  <testcase name="malformedExpressions()" classname="org.springframework.core.env.ProfilesTests" time="0.001"/>
  <testcase name="ofAndExpressionWithInvertedSingleElement()" classname="org.springframework.core.env.ProfilesTests" time="0.0"/>
  <testcase name="ofNotAndExpressionWithoutSpaces()" classname="org.springframework.core.env.ProfilesTests" time="0.0"/>
  <testcase name="ofSingleElement()" classname="org.springframework.core.env.ProfilesTests" time="0.0"/>
  <testcase name="sensibleToString()" classname="org.springframework.core.env.ProfilesTests" time="0.0"/>
  <testcase name="ofComplexExpressionWithoutSpaces()" classname="org.springframework.core.env.ProfilesTests" time="0.0"/>
  <testcase name="ofOrExpressionWithInvertedSingleElementWithoutSpaces()" classname="org.springframework.core.env.ProfilesTests" time="0.0"/>
  <testcase name="ofWhenNullThrowsException()" classname="org.springframework.core.env.ProfilesTests" time="0.001"/>
  <testcase name="ofSingleInvertedExpression()" classname="org.springframework.core.env.ProfilesTests" time="0.0"/>
  <testcase name="ofAndExpressionWithInBracketsInvertedSingleElement()" classname="org.springframework.core.env.ProfilesTests" time="0.0"/>
  <testcase name="ofSingleExpressionInverted()" classname="org.springframework.core.env.ProfilesTests" time="0.0"/>
  <testcase name="ofSingleExpression()" classname="org.springframework.core.env.ProfilesTests" time="0.0"/>
  <testcase name="ofWhenEmptyThrowsException()" classname="org.springframework.core.env.ProfilesTests" time="0.0"/>
  <testcase name="ofAndExpressionWithInvertedSingleElementWithoutSpaces()" classname="org.springframework.core.env.ProfilesTests" time="0.0"/>
  <testcase name="ofNotAndExpression()" classname="org.springframework.core.env.ProfilesTests" time="0.0"/>
  <system-out><![CDATA[]]></system-out>
  <system-err><![CDATA[]]></system-err>
</testsuite>
