<?xml version="1.0" encoding="UTF-8"?>
<testsuite name="org.springframework.core.env.SystemEnvironmentPropertySourceTests" tests="7" skipped="0" failures="0" errors="0" timestamp="2019-09-18T03:48:41" hostname="DESKTOP-2IKHCH4" time="0.006">
  <properties/>
  <testcase name="normalWithPeriod()" classname="org.springframework.core.env.SystemEnvironmentPropertySourceTests" time="0.0"/>
  <testcase name="withUnderscore()" classname="org.springframework.core.env.SystemEnvironmentPropertySourceTests" time="0.001"/>
  <testcase name="none()" classname="org.springframework.core.env.SystemEnvironmentPropertySourceTests" time="0.0"/>
  <testcase name="normalWithoutPeriod()" classname="org.springframework.core.env.SystemEnvironmentPropertySourceTests" time="0.0"/>
  <testcase name="withUppercase()" classname="org.springframework.core.env.SystemEnvironmentPropertySourceTests" time="0.001"/>
  <testcase name="withSecurityConstraints()" classname="org.springframework.core.env.SystemEnvironmentPropertySourceTests" time="0.003"/>
  <testcase name="withBothPeriodAndUnderscore()" classname="org.springframework.core.env.SystemEnvironmentPropertySourceTests" time="0.0"/>
  <system-out><![CDATA[]]></system-out>
  <system-err><![CDATA[]]></system-err>
</testsuite>
