<?xml version="1.0" encoding="UTF-8"?>
<testsuite name="org.springframework.util.StreamUtilsTests" tests="8" skipped="0" failures="0" errors="0" timestamp="2019-09-18T03:48:55" hostname="DESKTOP-2IKHCH4" time="0.105">
  <properties/>
  <testcase name="nonClosingOutputStream()" classname="org.springframework.util.StreamUtilsTests" time="0.026"/>
  <testcase name="copyStream()" classname="org.springframework.util.StreamUtilsTests" time="0.03"/>
  <testcase name="copyString()" classname="org.springframework.util.StreamUtilsTests" time="0.004"/>
  <testcase name="copyToString()" classname="org.springframework.util.StreamUtilsTests" time="0.02"/>
  <testcase name="copyBytes()" classname="org.springframework.util.StreamUtilsTests" time="0.001"/>
  <testcase name="copyRange()" classname="org.springframework.util.StreamUtilsTests" time="0.001"/>
  <testcase name="nonClosingInputStream()" classname="org.springframework.util.StreamUtilsTests" time="0.02"/>
  <testcase name="copyToByteArray()" classname="org.springframework.util.StreamUtilsTests" time="0.001"/>
  <system-out><![CDATA[]]></system-out>
  <system-err><![CDATA[]]></system-err>
</testsuite>
