<?xml version="1.0" encoding="UTF-8"?>
<testsuite name="org.springframework.core.env.PropertyResolverExtensionsTests" tests="3" skipped="0" failures="0" errors="0" timestamp="2019-09-18T03:48:57" hostname="DESKTOP-2IKHCH4" time="5.508">
  <properties/>
  <testcase name="getProperty extension()" classname="org.springframework.core.env.PropertyResolverExtensionsTests" time="5.398"/>
  <testcase name="get operator()" classname="org.springframework.core.env.PropertyResolverExtensionsTests" time="0.088"/>
  <testcase name="getRequiredProperty extension()" classname="org.springframework.core.env.PropertyResolverExtensionsTests" time="0.016"/>
  <system-out><![CDATA[]]></system-out>
  <system-err><![CDATA[]]></system-err>
</testsuite>
