<?xml version="1.0" encoding="UTF-8"?>
<testsuite name="org.springframework.core.KotlinDefaultParameterNameDiscovererTests" tests="1" skipped="0" failures="0" errors="0" timestamp="2019-09-18T03:49:03" hostname="DESKTOP-2IKHCH4" time="0.045">
  <properties/>
  <testcase name="getParameterNamesOnEnum()" classname="org.springframework.core.KotlinDefaultParameterNameDiscovererTests" time="0.045"/>
  <system-out><![CDATA[]]></system-out>
  <system-err><![CDATA[]]></system-err>
</testsuite>
