<?xml version="1.0" encoding="UTF-8"?>
<testsuite name="org.springframework.core.annotation.OrderSourceProviderTests" tests="7" skipped="0" failures="0" errors="0" timestamp="2019-09-18T03:48:33" hostname="DESKTOP-2IKHCH4" time="0.023">
  <properties/>
  <testcase name="arrayFactoryMethodOverridesStaticOrder()" classname="org.springframework.core.annotation.OrderSourceProviderTests" time="0.005"/>
  <testcase name="listNoFactoryMethod()" classname="org.springframework.core.annotation.OrderSourceProviderTests" time="0.003"/>
  <testcase name="listFactoryMethod()" classname="org.springframework.core.annotation.OrderSourceProviderTests" time="0.001"/>
  <testcase name="arrayNoFactoryMethod()" classname="org.springframework.core.annotation.OrderSourceProviderTests" time="0.003"/>
  <testcase name="arrayFactoryMethod()" classname="org.springframework.core.annotation.OrderSourceProviderTests" time="0.001"/>
  <testcase name="listFactoryMethodOverridesStaticOrder()" classname="org.springframework.core.annotation.OrderSourceProviderTests" time="0.001"/>
  <testcase name="plainComparator()" classname="org.springframework.core.annotation.OrderSourceProviderTests" time="0.001"/>
  <system-out><![CDATA[]]></system-out>
  <system-err><![CDATA[]]></system-err>
</testsuite>
