<?xml version="1.0" encoding="UTF-8"?>
<testsuite name="org.springframework.core.env.JOptCommandLinePropertySourceTests" tests="11" skipped="0" failures="0" errors="0" timestamp="2019-09-18T03:48:40" hostname="DESKTOP-2IKHCH4" time="0.082">
  <properties/>
  <testcase name="withRequiredArg_andMultipleArgsPresent_usingRepeatedOption()" classname="org.springframework.core.env.JOptCommandLinePropertySourceTests" time="0.066"/>
  <testcase name="withRequiredArg_andArgIsPresent()" classname="org.springframework.core.env.JOptCommandLinePropertySourceTests" time="0.001"/>
  <testcase name="withRequiredArg_andMultipleArgsPresent_usingDelimiter()" classname="org.springframework.core.env.JOptCommandLinePropertySourceTests" time="0.001"/>
  <testcase name="withCustomNonOptionArgsNameAndNoNonOptionArgsPresent()" classname="org.springframework.core.env.JOptCommandLinePropertySourceTests" time="0.001"/>
  <testcase name="withOptionalArg_andArgIsMissing()" classname="org.springframework.core.env.JOptCommandLinePropertySourceTests" time="0.002"/>
  <testcase name="withRequiredArg_ofTypeEnum()" classname="org.springframework.core.env.JOptCommandLinePropertySourceTests" time="0.005"/>
  <testcase name="withDefaultNonOptionArgsNameAndNoNonOptionArgsPresent()" classname="org.springframework.core.env.JOptCommandLinePropertySourceTests" time="0.001"/>
  <testcase name="withDottedOptionName()" classname="org.springframework.core.env.JOptCommandLinePropertySourceTests" time="0.0"/>
  <testcase name="withNoArg()" classname="org.springframework.core.env.JOptCommandLinePropertySourceTests" time="0.001"/>
  <testcase name="withMissingOption()" classname="org.springframework.core.env.JOptCommandLinePropertySourceTests" time="0.0"/>
  <testcase name="withDefaultNonOptionArgsNameAndNonOptionArgsPresent()" classname="org.springframework.core.env.JOptCommandLinePropertySourceTests" time="0.001"/>
  <system-out><![CDATA[]]></system-out>
  <system-err><![CDATA[]]></system-err>
</testsuite>
