<?xml version="1.0" encoding="UTF-8"?>
<testsuite name="org.springframework.core.annotation.AnnotationsScannerTests" tests="63" skipped="0" failures="0" errors="0" timestamp="2019-09-18T03:48:29" hostname="DESKTOP-2IKHCH4" time="0.208">
  <properties/>
  <testcase name="directStrategyOnMethodScansAnnotations()" classname="org.springframework.core.annotation.AnnotationsScannerTests" time="0.007"/>
  <testcase name="inheritedAnnotationsStrategyOnClassWhenMultipleAnnotationsScansAnnotations()" classname="org.springframework.core.annotation.AnnotationsScannerTests" time="0.004"/>
  <testcase name="inheritedAnnotationsStrategyOnClassScansAnnotations()" classname="org.springframework.core.annotation.AnnotationsScannerTests" time="0.001"/>
  <testcase name="directStrategyOnMethodWhenNotAnnoatedScansNone()" classname="org.springframework.core.annotation.AnnotationsScannerTests" time="0.002"/>
  <testcase name="typeHierarchyStrategyOnClassWhenMultipleAnnotationsScansAnnotations()" classname="org.springframework.core.annotation.AnnotationsScannerTests" time="0.0"/>
  <testcase name="typeHierarchyWithEnclosedStrategyOnEnclosedInnerClassScansAnnotations()" classname="org.springframework.core.annotation.AnnotationsScannerTests" time="0.055"/>
  <testcase name="typeHierarchyStrategyOnMethodWithIgnorablesScansAnnotations()" classname="org.springframework.core.annotation.AnnotationsScannerTests" time="0.002"/>
  <testcase name="inheritedAnnotationsMethodOnMethodWhenHasSuperclassIgnoresInherited()" classname="org.springframework.core.annotation.AnnotationsScannerTests" time="0.002"/>
  <testcase name="inheritedAnnotationsStrategyOnMethodHierarchyScansInCorrectOrder()" classname="org.springframework.core.annotation.AnnotationsScannerTests" time="0.002"/>
  <testcase name="typeHierarchyStrategyOnClassHierarchyScansInCorrectOrder()" classname="org.springframework.core.annotation.AnnotationsScannerTests" time="0.008"/>
  <testcase name="inheritedAnnotationsStrategyOnMethodWhenNotAnnoatedScansNone()" classname="org.springframework.core.annotation.AnnotationsScannerTests" time="0.002"/>
  <testcase name="directStrategyOnMethodHierarchyScansInCorrectOrder()" classname="org.springframework.core.annotation.AnnotationsScannerTests" time="0.001"/>
  <testcase name="superclassStrategyOnMethodHierarchyScansInCorrectOrder()" classname="org.springframework.core.annotation.AnnotationsScannerTests" time="0.002"/>
  <testcase name="scanWhenProcessorReturnsFromDoWithAnnotationsExitsEarly()" classname="org.springframework.core.annotation.AnnotationsScannerTests" time="0.002"/>
  <testcase name="typeHierarchyStrategyOnMethodWhenHasSuperclassScansSuperclass()" classname="org.springframework.core.annotation.AnnotationsScannerTests" time="0.001"/>
  <testcase name="typeHierarchyStrategyOnClassWhenHasSuperclassScansSuperclass()" classname="org.springframework.core.annotation.AnnotationsScannerTests" time="0.0"/>
  <testcase name="directStrategyOnClassWhenMultipleAnnotationsScansAnnotations()" classname="org.springframework.core.annotation.AnnotationsScannerTests" time="0.002"/>
  <testcase name="superclassStrategyOnClassScansAnnotations()" classname="org.springframework.core.annotation.AnnotationsScannerTests" time="0.001"/>
  <testcase name="scanWhenProcessorReturnsFromDoWithAggregateExitsEarly()" classname="org.springframework.core.annotation.AnnotationsScannerTests" time="0.004"/>
  <testcase name="directStrategyOnClassWhenHasInterfaceScansOnlyDirect()" classname="org.springframework.core.annotation.AnnotationsScannerTests" time="0.0"/>
  <testcase name="typeHierarchyStrategyOnClassWhenNotAnnoatedScansNone()" classname="org.springframework.core.annotation.AnnotationsScannerTests" time="0.001"/>
  <testcase name="directStrategyOnBridgeMethodScansAnnotations()" classname="org.springframework.core.annotation.AnnotationsScannerTests" time="0.002"/>
  <testcase name="superclassStrategyOnClassWhenNotAnnoatedScansNone()" classname="org.springframework.core.annotation.AnnotationsScannerTests" time="0.001"/>
  <testcase name="typeHierarchyWithEnclosedStrategyOnMethodHierarchyUsesTypeHierarchyScan()" classname="org.springframework.core.annotation.AnnotationsScannerTests" time="0.001"/>
  <testcase name="inheritedAnnotationsStrategyOnMethodWhenHasInterfaceDoesNotIncludeInterfaces()" classname="org.springframework.core.annotation.AnnotationsScannerTests" time="0.001"/>
  <testcase name="typeHierarchyStrategyOnMethodHierarchyScansInCorrectOrder()" classname="org.springframework.core.annotation.AnnotationsScannerTests" time="0.001"/>
  <testcase name="directStrategyOnMethodWhenHasInterfaceScansOnlyDirect()" classname="org.springframework.core.annotation.AnnotationsScannerTests" time="0.0"/>
  <testcase name="superclassStrategyOnMethodWhenNotAnnoatedScansNone()" classname="org.springframework.core.annotation.AnnotationsScannerTests" time="0.001"/>
  <testcase name="directStrategyOnClassWhenHasSuperclassScansOnlyDirect()" classname="org.springframework.core.annotation.AnnotationsScannerTests" time="0.0"/>
  <testcase name="inheritedAnnotationsStrategyOnMethodScansAnnotations()" classname="org.springframework.core.annotation.AnnotationsScannerTests" time="0.002"/>
  <testcase name="inheritedAnnotationsStrategyOnClassHierarchyScansInCorrectOrder()" classname="org.springframework.core.annotation.AnnotationsScannerTests" time="0.0"/>
  <testcase name="directStrategyOnMethodWhenMultipleAnnotationsScansAnnotations()" classname="org.springframework.core.annotation.AnnotationsScannerTests" time="0.001"/>
  <testcase name="typeHierarchyStrategyOnClassScansAnnotations()" classname="org.springframework.core.annotation.AnnotationsScannerTests" time="0.0"/>
  <testcase name="typeHierarchyStrategyOnMethodWithGenericParameterNonOverrideScansAnnotations()" classname="org.springframework.core.annotation.AnnotationsScannerTests" time="0.001"/>
  <testcase name="superclassStrategyOnMethodWhenHasInterfaceDoesNotIncludeInterfaces()" classname="org.springframework.core.annotation.AnnotationsScannerTests" time="0.0"/>
  <testcase name="directStrategyOnClassHierarchyScansInCorrectOrder()" classname="org.springframework.core.annotation.AnnotationsScannerTests" time="0.0"/>
  <testcase name="inheritedAnnotationsStrategyOnClassWhenHasAnnotationOnBothClassesIncudesOnlyOne()" classname="org.springframework.core.annotation.AnnotationsScannerTests" time="0.001"/>
  <testcase name="inheritedAnnotationsStrategyOnClassWhenHasInterfaceDoesNotIncludeInterfaces()" classname="org.springframework.core.annotation.AnnotationsScannerTests" time="0.0"/>
  <testcase name="typeHierarchyStrategyOnMethodScansAnnotations()" classname="org.springframework.core.annotation.AnnotationsScannerTests" time="0.001"/>
  <testcase name="inheritedAnnotationsStrategyOnClassWhenHasSuperclassScansOnlyInherited()" classname="org.springframework.core.annotation.AnnotationsScannerTests" time="0.001"/>
  <testcase name="typeHierarchyStrategyOnMethodWhenHasInterfaceDoesNotIncludeInterfaces()" classname="org.springframework.core.annotation.AnnotationsScannerTests" time="0.001"/>
  <testcase name="directStrategyOnClassScansAnnotations()" classname="org.springframework.core.annotation.AnnotationsScannerTests" time="0.0"/>
  <testcase name="superclassStrategyOnClassHierarchyScansInCorrectOrder()" classname="org.springframework.core.annotation.AnnotationsScannerTests" time="0.0"/>
  <testcase name="typeHierarchyStrategyOnMethodWithMultipleCandidatesScansAnnotations()" classname="org.springframework.core.annotation.AnnotationsScannerTests" time="0.001"/>
  <testcase name="directStrategyOnClassWhenNotAnnoatedScansNone()" classname="org.springframework.core.annotation.AnnotationsScannerTests" time="0.0"/>
  <testcase name="inheritedAnnotationsStrategyOnMethodWhenMultipleAnnotationsScansAnnotations()" classname="org.springframework.core.annotation.AnnotationsScannerTests" time="0.0"/>
  <testcase name="superclassStrategyOnClassWhenMultipleAnnotationsScansAnnotations()" classname="org.springframework.core.annotation.AnnotationsScannerTests" time="0.0"/>
  <testcase name="dirextStrategyOnBridgedMethodScansAnnotations()" classname="org.springframework.core.annotation.AnnotationsScannerTests" time="0.001"/>
  <testcase name="typeHierarchyStrategyOnClassWhenHasInterfaceDoesNotIncludeInterfaces()" classname="org.springframework.core.annotation.AnnotationsScannerTests" time="0.003"/>
  <testcase name="directStrategyOnMethodWhenHasSuperclassScansOnlyDirect()" classname="org.springframework.core.annotation.AnnotationsScannerTests" time="0.0"/>
  <testcase name="typeHierarchyStrategyOnMethodWithGenericParameterOverrideScansAnnotations()" classname="org.springframework.core.annotation.AnnotationsScannerTests" time="0.003"/>
  <testcase name="superclassStrategyOnClassWhenHasInterfaceDoesNotIncludeInterfaces()" classname="org.springframework.core.annotation.AnnotationsScannerTests" time="0.001"/>
  <testcase name="typeHierarchyStrategyOnBridgedMethodScansAnnotations()" classname="org.springframework.core.annotation.AnnotationsScannerTests" time="0.001"/>
  <testcase name="typeHierarchyWithEnclosedStrategyOnEnclosedStaticClassScansAnnotations()" classname="org.springframework.core.annotation.AnnotationsScannerTests" time="0.004"/>
  <testcase name="superclassStrategyOnMethodWhenHasSuperclassScansSuperclass()" classname="org.springframework.core.annotation.AnnotationsScannerTests" time="0.001"/>
  <testcase name="scanWhenProcessorHasFinishMethodUsesFinishResult()" classname="org.springframework.core.annotation.AnnotationsScannerTests" time="0.002"/>
  <testcase name="typeHierarchyStrategyOnBridgeMethodScansAnnotations()" classname="org.springframework.core.annotation.AnnotationsScannerTests" time="0.0"/>
  <testcase name="superclassStrategyOnClassWhenHasSuperclassScansSuperclass()" classname="org.springframework.core.annotation.AnnotationsScannerTests" time="0.0"/>
  <testcase name="superclassStrategyOnMethodScansAnnotations()" classname="org.springframework.core.annotation.AnnotationsScannerTests" time="0.0"/>
  <testcase name="inheritedAnnotationsStrategyOnClassWhenNotAnnoatedScansNone()" classname="org.springframework.core.annotation.AnnotationsScannerTests" time="0.0"/>
  <testcase name="typeHierarchyStrategyOnMethodWhenMultipleAnnotationsScansAnnotations()" classname="org.springframework.core.annotation.AnnotationsScannerTests" time="0.004"/>
  <testcase name="superclassStrategyOnMethodWhenMultipleAnnotationsScansAnnotations()" classname="org.springframework.core.annotation.AnnotationsScannerTests" time="0.001"/>
  <testcase name="typeHierarchyStrategyOnMethodWhenNotAnnoatedScansNone()" classname="org.springframework.core.annotation.AnnotationsScannerTests" time="0.0"/>
  <system-out><![CDATA[]]></system-out>
  <system-err><![CDATA[]]></system-err>
</testsuite>
